<?xml version="1.0" encoding="UTF-8"?>
<testsuite xmlns:xsi="http://www.w3.org/2001/XMLSchema-instance" xsi:noNamespaceSchemaLocation="https://maven.apache.org/surefire/maven-surefire-plugin/xsd/surefire-test-report-3.0.xsd" version="3.0" name="com.example.demo.ApiGateWayApplicationTests" time="2.908" tests="1" errors="0" skipped="0" failures="0">
  <properties>
[...]
</properties>
  <testcase name="contextLoads" classname="com.example.demo.ApiGateWayApplicationTests" time="0.627">
    <system-out><![CDATA[17:03:00.612 [main] INFO org.springframework.test.context.support.AnnotationConfigContextLoaderUtils -- Could not detect default configuration classes for test class [com.example.demo.ApiGateWayApplicationTests]: ApiGateWayApplicationTests does not declare any static, non-private, non-final, nested classes annotated with @Configuration.
17:03:00.724 [main] INFO org.springframework.boot.test.context.SpringBootTestContextBootstrapper -- Found @SpringBootConfiguration com.example.demo.ApiGateWayApplication for test class com.example.demo.ApiGateWayApplicationTests

  .   ____          _            __ _ _
 /\\ / ___'_ __ _ _(_)_ __  __ _ \ \ \ \
( ( )\___ | '_ | '_| | '_ \/ _` | \ \ \ \
 \\/  ___)| |_)| | | | | || (_| |  ) ) ) )
  '  |____| .__|_| |_|_| |_\__, | / / / /
 =========|_|==============|___/=/_/_/_/
 :: Spring Boot ::                (v3.1.0)

2024-11-05T17:03:01.069+07:00  WARN 12154 --- [           main] ory$DuplicateJsonObjectContextCustomizer : 

Found multiple occurrences of org.json.JSONObject on the class path:

	jar:file:/Users/macygabr/.m2/repository/com/vaadin/external/google/android-json/0.0.20131108.vaadin1/android-json-0.0.20131108.vaadin1.jar!/org/json/JSONObject.class
	jar:file:/Users/macygabr/.m2/repository/org/json/json/20240303/json-20240303.jar!/org/json/JSONObject.class

You may wish to exclude one of them to ensure predictable runtime behavior

2024-11-05T17:03:01.089+07:00  INFO 12154 --- [           main] c.e.demo.ApiGateWayApplicationTests      : Starting ApiGateWayApplicationTests using Java 21.0.5 with PID 12154 (started by macygabr in /Users/macygabr/Projects/macygabr.github.io)
2024-11-05T17:03:01.090+07:00  INFO 12154 --- [           main] c.e.demo.ApiGateWayApplicationTests      : No active profile set, falling back to 1 default profile: "default"
2024-11-05T17:03:02.057+07:00  WARN 12154 --- [           main] .s.s.UserDetailsServiceAutoConfiguration : 

Using generated security password: 9593c192-4155-41ac-be1d-757f099e78d6

This generated password is for development use only. Your security configuration must be updated before running your application in production.

2024-11-05T17:03:02.218+07:00  INFO 12154 --- [           main] o.s.s.web.DefaultSecurityFilterChain     : Will secure any request with [org.springframework.security.web.session.DisableEncodeUrlFilter@7cac93fe, org.springframework.security.web.context.request.async.WebAsyncManagerIntegrationFilter@479b5066, org.springframework.security.web.context.SecurityContextHolderFilter@1b13467c, org.springframework.security.web.header.HeaderWriterFilter@7ed3df3b, org.springframework.security.web.authentication.logout.LogoutFilter@58f4b31a, org.springframework.security.web.savedrequest.RequestCacheAwareFilter@64dae3b7, org.springframework.security.web.servletapi.SecurityContextHolderAwareRequestFilter@1d901f20, org.springframework.security.web.authentication.AnonymousAuthenticationFilter@64deb58f, org.springframework.security.web.access.ExceptionTranslationFilter@2dbfcf7, org.springframework.security.web.access.intercept.AuthorizationFilter@4ace284d]
2024-11-05T17:03:02.573+07:00  INFO 12154 --- [           main] o.a.k.clients.consumer.ConsumerConfig    : ConsumerConfig values: 
	allow.auto.create.topics = true
	auto.commit.interval.ms = 5000
	auto.include.jmx.reporter = true
	auto.offset.reset = latest
	bootstrap.servers = [37.194.168.90:9092]
	check.crcs = true
	client.dns.lookup = use_all_dns_ips
	client.id = consumer-auth-service-1
	client.rack = 
	connections.max.idle.ms = 540000
	default.api.timeout.ms = 60000
	enable.auto.commit = false
	exclude.internal.topics = true
	fetch.max.bytes = 52428800
	fetch.max.wait.ms = 500
	fetch.min.bytes = 1
	group.id = auth-service
	group.instance.id = null
	heartbeat.interval.ms = 3000
	interceptor.classes = []
	internal.leave.group.on.close = true
	internal.throw.on.fetch.stable.offset.unsupported = false
	isolation.level = read_uncommitted
	key.deserializer = class org.apache.kafka.common.serialization.StringDeserializer
	max.partition.fetch.bytes = 1048576
	max.poll.interval.ms = 300000
	max.poll.records = 500
	metadata.max.age.ms = 300000
	metric.reporters = []
	metrics.num.samples = 2
	metrics.recording.level = INFO
	metrics.sample.window.ms = 30000
	partition.assignment.strategy = [class org.apache.kafka.clients.consumer.RangeAssignor, class org.apache.kafka.clients.consumer.CooperativeStickyAssignor]
	receive.buffer.bytes = 65536
	reconnect.backoff.max.ms = 1000
	reconnect.backoff.ms = 50
	request.timeout.ms = 30000
	retry.backoff.ms = 100
	sasl.client.callback.handler.class = null
	sasl.jaas.config = null
	sasl.kerberos.kinit.cmd = /usr/bin/kinit
	sasl.kerberos.min.time.before.relogin = 60000
	sasl.kerberos.service.name = null
	sasl.kerberos.ticket.renew.jitter = 0.05
	sasl.kerberos.ticket.renew.window.factor = 0.8
	sasl.login.callback.handler.class = null
	sasl.login.class = null
	sasl.login.connect.timeout.ms = null
	sasl.login.read.timeout.ms = null
	sasl.login.refresh.buffer.seconds = 300
	sasl.login.refresh.min.period.seconds = 60
	sasl.login.refresh.window.factor = 0.8
	sasl.login.refresh.window.jitter = 0.05
	sasl.login.retry.backoff.max.ms = 10000
	sasl.login.retry.backoff.ms = 100
	sasl.mechanism = GSSAPI
	sasl.oauthbearer.clock.skew.seconds = 30
	sasl.oauthbearer.expected.audience = null
	sasl.oauthbearer.expected.issuer = null
	sasl.oauthbearer.jwks.endpoint.refresh.ms = 3600000
	sasl.oauthbearer.jwks.endpoint.retry.backoff.max.ms = 10000
	sasl.oauthbearer.jwks.endpoint.retry.backoff.ms = 100
	sasl.oauthbearer.jwks.endpoint.url = null
	sasl.oauthbearer.scope.claim.name = scope
	sasl.oauthbearer.sub.claim.name = sub
	sasl.oauthbearer.token.endpoint.url = null
	security.protocol = PLAINTEXT
	security.providers = null
	send.buffer.bytes = 131072
	session.timeout.ms = 45000
	socket.connection.setup.timeout.max.ms = 30000
	socket.connection.setup.timeout.ms = 10000
	ssl.cipher.suites = null
	ssl.enabled.protocols = [TLSv1.2, TLSv1.3]
	ssl.endpoint.identification.algorithm = https
	ssl.engine.factory.class = null
	ssl.key.password = null
	ssl.keymanager.algorithm = SunX509
	ssl.keystore.certificate.chain = null
	ssl.keystore.key = null
	ssl.keystore.location = null
	ssl.keystore.password = null
	ssl.keystore.type = JKS
	ssl.protocol = TLSv1.3
	ssl.provider = null
	ssl.secure.random.implementation = null
	ssl.trustmanager.algorithm = PKIX
	ssl.truststore.certificates = null
	ssl.truststore.location = null
	ssl.truststore.password = null
	ssl.truststore.type = JKS
	value.deserializer = class org.apache.kafka.common.serialization.StringDeserializer

2024-11-05T17:03:02.692+07:00  INFO 12154 --- [           main] o.a.kafka.common.utils.AppInfoParser     : Kafka version: 3.4.0
2024-11-05T17:03:02.693+07:00  INFO 12154 --- [           main] o.a.kafka.common.utils.AppInfoParser     : Kafka commitId: 2e1947d240607d53
2024-11-05T17:03:02.693+07:00  INFO 12154 --- [           main] o.a.kafka.common.utils.AppInfoParser     : Kafka startTimeMs: 1730800982691
2024-11-05T17:03:02.695+07:00  INFO 12154 --- [           main] o.a.k.clients.consumer.KafkaConsumer     : [Consumer clientId=consumer-auth-service-1, groupId=auth-service] Subscribed to topic(s): auth
2024-11-05T17:03:02.713+07:00  INFO 12154 --- [           main] c.e.demo.ApiGateWayApplicationTests      : Started ApiGateWayApplicationTests in 1.857 seconds (process running for 2.807)
2024-11-05T17:03:03.105+07:00  INFO 12154 --- [ntainer#0-0-C-1] org.apache.kafka.clients.Metadata        : [Consumer clientId=consumer-auth-service-1, groupId=auth-service] Resetting the last seen epoch of partition auth-0 to 0 since the associated topicId changed from null to t5kYy4RSRn-H3PqB74x4tg
2024-11-05T17:03:03.107+07:00  INFO 12154 --- [ntainer#0-0-C-1] org.apache.kafka.clients.Metadata        : [Consumer clientId=consumer-auth-service-1, groupId=auth-service] Cluster ID: rs0KtrdkQsGY2gwAHle7dQ
2024-11-05T17:03:03.108+07:00  INFO 12154 --- [ntainer#0-0-C-1] o.a.k.c.c.internals.ConsumerCoordinator  : [Consumer clientId=consumer-auth-service-1, groupId=auth-service] Discovered group coordinator 37.194.168.90:9092 (id: 2147483646 rack: null)
2024-11-05T17:03:03.109+07:00  INFO 12154 --- [ntainer#0-0-C-1] o.a.k.c.c.internals.ConsumerCoordinator  : [Consumer clientId=consumer-auth-service-1, groupId=auth-service] (Re-)joining group
2024-11-05T17:03:03.295+07:00  INFO 12154 --- [ntainer#0-0-C-1] o.a.k.c.c.internals.ConsumerCoordinator  : [Consumer clientId=consumer-auth-service-1, groupId=auth-service] Request joining group due to: need to re-join with the given member-id: consumer-auth-service-1-60ed26dd-f597-4edd-ba2b-942cee1847b6
2024-11-05T17:03:03.295+07:00  INFO 12154 --- [ntainer#0-0-C-1] o.a.k.c.c.internals.ConsumerCoordinator  : [Consumer clientId=consumer-auth-service-1, groupId=auth-service] Request joining group due to: rebalance failed due to 'The group member needs to have a valid member id before actually entering a consumer group.' (MemberIdRequiredException)
2024-11-05T17:03:03.295+07:00  INFO 12154 --- [ntainer#0-0-C-1] o.a.k.c.c.internals.ConsumerCoordinator  : [Consumer clientId=consumer-auth-service-1, groupId=auth-service] (Re-)joining group
]]></system-out>
    <system-err><![CDATA[WARNING: A Java agent has been loaded dynamically (/Users/macygabr/.m2/repository/net/bytebuddy/byte-buddy-agent/1.14.4/byte-buddy-agent-1.14.4.jar)
WARNING: If a serviceability tool is in use, please run with -XX:+EnableDynamicAgentLoading to hide this warning
WARNING: If a serviceability tool is not in use, please run with -Djdk.instrument.traceUsage for more information
WARNING: Dynamic loading of agents will be disallowed by default in a future release
]]></system-err>
  </testcase>
</testsuite>